<?xml version="1.0" encoding="UTF-8"?>
<!-- Generated by org.testng.reporters.JUnitReportReporter -->
<testsuite hostname="LAPTOP-LAJIT7MF" failures="0" tests="5" name="runner.TestRunner" time="70.819" errors="0" timestamp="2025-03-19T10:33:38 IST" skipped="0">
  <testcase classname="runner.TestRunner" name="runScenario" time="18.426"/>
  <system-out/>
  <testcase classname="runner.TestRunner" name="runScenario" time="3.319"/>
  <system-out/>
  <testcase classname="runner.TestRunner" name="runScenario" time="5.175"/>
  <system-out/>
  <testcase classname="runner.TestRunner" name="runScenario" time="3.162"/>
  <system-out/>
  <testcase classname="runner.TestRunner" name="runScenario" time="40.737"/>
  <system-out/>
</testsuite> <!-- runner.TestRunner -->
